Determining if the pthread_create exist failed with the following output:
Change Dir: /data1/home/walterzhao/test/raft/braft/example/counter/build/CMakeFiles/CMakeTmp

Run Build Command:/bin/gmake "cmTryCompileExec1565732946/fast"
/bin/gmake -f CMakeFiles/cmTryCompileExec1565732946.dir/build.make CMakeFiles/cmTryCompileExec1565732946.dir/build
gmake[1]: Entering directory `/data1/home/walterzhao/test/raft/braft/example/counter/build/CMakeFiles/CMakeTmp'
/usr/bin/cmake -E cmake_progress_report /data1/home/walterzhao/test/raft/braft/example/counter/build/CMakeFiles/CMakeTmp/CMakeFiles 1
Building C object CMakeFiles/cmTryCompileExec1565732946.dir/CheckSymbolExists.c.o
/bin/cc    -o CMakeFiles/cmTryCompileExec1565732946.dir/CheckSymbolExists.c.o   -c /data1/home/walterzhao/test/raft/braft/example/counter/build/CMakeFiles/CMakeTmp/CheckSymbolExists.c
Linking C executable cmTryCompileExec1565732946
/usr/bin/cmake -E cmake_link_script CMakeFiles/cmTryCompileExec1565732946.dir/link.txt --verbose=1
/bin/cc       CMakeFiles/cmTryCompileExec1565732946.dir/CheckSymbolExists.c.o  -o cmTryCompileExec1565732946 -rdynamic 
CMakeFiles/cmTryCompileExec1565732946.dir/CheckSymbolExists.c.o: In function `main':
CheckSymbolExists.c:(.text+0x16): undefined reference to `pthread_create'
collect2: error: ld returned 1 exit status
gmake[1]: *** [cmTryCompileExec1565732946] Error 1
gmake[1]: Leaving directory `/data1/home/walterzhao/test/raft/braft/example/counter/build/CMakeFiles/CMakeTmp'
gmake: *** [cmTryCompileExec1565732946/fast] Error 2

File /data1/home/walterzhao/test/raft/braft/example/counter/build/CMakeFiles/CMakeTmp/CheckSymbolExists.c:
/* */
#include <pthread.h>

int main(int argc, char** argv)
{
  (void)argv;
#ifndef pthread_create
  return ((int*)(&pthread_create))[argc];
#else
  (void)argc;
  return 0;
#endif
}

Determining if the function pthread_create exists in the pthreads failed with the following output:
Change Dir: /data1/home/walterzhao/test/raft/braft/example/counter/build/CMakeFiles/CMakeTmp

Run Build Command:/bin/gmake "cmTryCompileExec2658502597/fast"
/bin/gmake -f CMakeFiles/cmTryCompileExec2658502597.dir/build.make CMakeFiles/cmTryCompileExec2658502597.dir/build
gmake[1]: Entering directory `/data1/home/walterzhao/test/raft/braft/example/counter/build/CMakeFiles/CMakeTmp'
/usr/bin/cmake -E cmake_progress_report /data1/home/walterzhao/test/raft/braft/example/counter/build/CMakeFiles/CMakeTmp/CMakeFiles 1
Building C object CMakeFiles/cmTryCompileExec2658502597.dir/CheckFunctionExists.c.o
/bin/cc   -DCHECK_FUNCTION_EXISTS=pthread_create   -o CMakeFiles/cmTryCompileExec2658502597.dir/CheckFunctionExists.c.o   -c /usr/share/cmake/Modules/CheckFunctionExists.c
Linking C executable cmTryCompileExec2658502597
/usr/bin/cmake -E cmake_link_script CMakeFiles/cmTryCompileExec2658502597.dir/link.txt --verbose=1
/bin/cc   -DCHECK_FUNCTION_EXISTS=pthread_create    CMakeFiles/cmTryCompileExec2658502597.dir/CheckFunctionExists.c.o  -o cmTryCompileExec2658502597 -rdynamic -lpthreads 
/bin/ld: cannot find -lpthreads
collect2: error: ld returned 1 exit status
gmake[1]: *** [cmTryCompileExec2658502597] Error 1
gmake[1]: Leaving directory `/data1/home/walterzhao/test/raft/braft/example/counter/build/CMakeFiles/CMakeTmp'
gmake: *** [cmTryCompileExec2658502597/fast] Error 2


